#
# There is insufficient memory for the Java Runtime Environment to continue.
# Native memory allocation (malloc) failed to allocate 32744 bytes for ChunkPool::allocate
# Possible reasons:
#   The system is out of physical RAM or swap space
#   The process is running with CompressedOops enabled, and the Java Heap may be blocking the growth of the native heap
# Possible solutions:
#   Reduce memory load on the system
#   Increase physical memory or swap space
#   Check if swap backing store is full
#   Decrease Java heap size (-Xmx/-Xms)
#   Decrease number of Java threads
#   Decrease Java thread stack sizes (-Xss)
#   Set larger code cache with -XX:ReservedCodeCacheSize=
#   JVM is running with Unscaled Compressed Oops mode in which the Java heap is
#     placed in the first 4GB address space. The Java Heap base address is the
#     maximum limit for the native heap growth. Please use -XX:HeapBaseMinAddress
#     to set the Java Heap base and to place the Java Heap above 4GB virtual address.
# This output file may be truncated or incomplete.
#
#  Out of Memory Error (allocation.cpp:272), pid=13952, tid=0x0000000000003c40
#
# JRE version: OpenJDK Runtime Environment (8.0_242-b01) (build 1.8.0_242-release-1644-b01)
# Java VM: OpenJDK 64-Bit Server VM (25.242-b01 mixed mode windows-amd64 compressed oops)
# Failed to write core dump. Minidumps are not enabled by default on client versions of Windows
#

---------------  T H R E A D  ---------------

Current thread (0x000000001724c800):  JavaThread "C2 CompilerThread1" daemon [_thread_in_native, id=15424, stack(0x00000000189a0000,0x0000000018aa0000)]

Stack: [0x00000000189a0000,0x0000000018aa0000]
[error occurred during error reporting (printing stack bounds), id 0xc0000005]

Native frames: (J=compiled Java code, j=interpreted, Vv=VM code, C=native code)


Current CompileTask:
C2:  24738 10187   !   4       sun.nio.fs.WindowsDirectoryStream$WindowsDirectoryIterator::readNextEntry (199 bytes)


---------------  P R O C E S S  ---------------

Java Threads: ( => current thread )
  0x000000001dac9000 JavaThread "Cache worker for Java compile cache (D:\Studia\Magisterskie\SystemyMobilne\Projekt\AlphaCamera\.gradle\6.1.1\javaCompile)" [_thread_blocked, id=1080, stack(0x0000000026670000,0x0000000026770000)]
  0x000000001dac8000 JavaThread "Cache worker for Java compile cache (C:\Users\wisni\.gradle\caches\6.1.1\javaCompile)" [_thread_blocked, id=16408, stack(0x0000000026570000,0x0000000026670000)]
  0x000000001dac9800 JavaThread "RMI TCP Connection(1)-127.0.0.1" daemon [_thread_in_native, id=1852, stack(0x0000000026470000,0x0000000026570000)]
  0x000000001dac7800 JavaThread "RMI Reaper" [_thread_blocked, id=3040, stack(0x0000000026370000,0x0000000026470000)]
  0x000000001dacc000 JavaThread "RMI TCP Accept-0" daemon [_thread_in_native, id=8844, stack(0x0000000026270000,0x0000000026370000)]
  0x000000001dac6800 JavaThread "GC Daemon" daemon [_thread_blocked, id=16528, stack(0x0000000025f70000,0x0000000026070000)]
  0x000000001dabf000 JavaThread "RMI RenewClean-[127.0.0.1:17560,org.jetbrains.kotlin.daemon.common.LoopbackNetworkInterface$ClientLoopbackSocketFactory@7037250a]" daemon [_thread_blocked, id=9288, stack(0x0000000025e70000,0x0000000025f70000)]
  0x000000001dac6000 JavaThread "RMI Scheduler(0)" daemon [_thread_blocked, id=14552, stack(0x0000000025670000,0x0000000025770000)]
  0x000000001dac4800 JavaThread "stdout" [_thread_in_native, id=16920, stack(0x0000000025970000,0x0000000025a70000)]
  0x000000001dac3800 JavaThread "stderr" [_thread_in_native, id=10740, stack(0x0000000025870000,0x0000000025970000)]
  0x000000001dac5000 JavaThread "pool-2-thread-1" [_thread_blocked, id=584, stack(0x0000000025770000,0x0000000025870000)]
  0x000000001dac3000 JavaThread "WorkerExecutor Queue" [_thread_blocked, id=16564, stack(0x0000000025570000,0x0000000025670000)]
  0x000000001dabe000 JavaThread "Cache worker for execution history cache (D:\Studia\Magisterskie\SystemyMobilne\Projekt\AlphaCamera\.gradle\6.1.1\executionHistory)" [_thread_blocked, id=16736, stack(0x0000000024e40000,0x0000000024f40000)]
  0x000000001dabd800 JavaThread "Execution worker for ':' Thread 3" [_thread_in_native, id=11312, stack(0x0000000024d40000,0x0000000024e40000)]
  0x000000001dac0000 JavaThread "Execution worker for ':' Thread 2" [_thread_blocked, id=13564, stack(0x0000000024c40000,0x0000000024d40000)]
  0x000000001d77b000 JavaThread "Execution worker for ':'" [_thread_blocked, id=12944, stack(0x0000000024b40000,0x0000000024c40000)]
  0x000000001d779000 JavaThread "Cache worker for file content cache (D:\Studia\Magisterskie\SystemyMobilne\Projekt\AlphaCamera\.gradle\6.1.1\fileContent)" [_thread_blocked, id=15200, stack(0x0000000024640000,0x0000000024740000)]
  0x000000001d77c800 JavaThread "Cache worker for file content cache (C:\Users\wisni\.gradle\caches\6.1.1\fileContent)" [_thread_blocked, id=17236, stack(0x0000000024540000,0x0000000024640000)]
  0x000000001d77c000 JavaThread "Memory manager" [_thread_blocked, id=12256, stack(0x0000000023f80000,0x0000000024080000)]
  0x000000001d776000 JavaThread "Cache worker for Build Output Cleanup Cache (D:\Studia\Magisterskie\SystemyMobilne\Projekt\AlphaCamera\.gradle\buildOutputCleanup)" [_thread_blocked, id=15880, stack(0x0000000023000000,0x0000000023100000)]
  0x000000001d76e800 JavaThread "Build operations Thread 4" [_thread_blocked, id=10152, stack(0x0000000021d30000,0x0000000021e30000)]
  0x000000001d771800 JavaThread "Build operations Thread 3" [_thread_blocked, id=17124, stack(0x0000000021c30000,0x0000000021d30000)]
  0x000000001d772000 JavaThread "Build operations Thread 2" [_thread_blocked, id=14764, stack(0x00000000218c0000,0x00000000219c0000)]
  0x000000001d775000 JavaThread "Build operations" [_thread_blocked, id=10764, stack(0x00000000217c0000,0x00000000218c0000)]
  0x000000001afd9800 JavaThread "Cache worker for execution history cache (C:\Users\wisni\.gradle\caches\6.1.1\executionHistory)" [_thread_blocked, id=13880, stack(0x0000000020cc0000,0x0000000020dc0000)]
  0x000000001afd5800 JavaThread "Cache worker for cache directory md-rule (C:\Users\wisni\.gradle\caches\6.1.1\md-rule)" [_thread_blocked, id=11432, stack(0x000000001f910000,0x000000001fa10000)]
  0x000000001afd8000 JavaThread "Cache worker for cache directory md-supplier (C:\Users\wisni\.gradle\caches\6.1.1\md-supplier)" [_thread_blocked, id=4436, stack(0x000000001f560000,0x000000001f660000)]
  0x000000001afd5000 JavaThread "Cache worker for file hash cache (D:\Studia\Magisterskie\SystemyMobilne\Projekt\AlphaCamera\.gradle\6.1.1\fileHashes)" [_thread_blocked, id=12836, stack(0x000000001f810000,0x000000001f910000)]
  0x000000001afdc000 JavaThread "Cache worker for checksums cache (D:\Studia\Magisterskie\SystemyMobilne\Projekt\AlphaCamera\.gradle\checksums)" [_thread_blocked, id=10960, stack(0x000000001f710000,0x000000001f810000)]
  0x000000001afd6800 JavaThread "Cache worker for file hash cache (C:\Users\wisni\.gradle\caches\6.1.1\fileHashes)" [_thread_blocked, id=15480, stack(0x000000001cfc0000,0x000000001d0c0000)]
  0x000000001afdb000 JavaThread "File lock request listener" [_thread_in_native, id=4428, stack(0x000000001cec0000,0x000000001cfc0000)]
  0x000000001adb1000 JavaThread "Cache worker for journal cache (C:\Users\wisni\.gradle\caches\journal-1)" [_thread_blocked, id=17164, stack(0x000000001cdc0000,0x000000001cec0000)]
  0x000000001ad7e000 JavaThread "Thread-9" [_thread_blocked, id=15184, stack(0x000000001cac0000,0x000000001cbc0000)]
  0x000000001acea800 JavaThread "Stdin handler" [_thread_blocked, id=884, stack(0x000000001c9c0000,0x000000001cac0000)]
  0x000000001ad69000 JavaThread "Asynchronous log dispatcher for DefaultDaemonConnection: socket connection from /127.0.0.1:51979 to /127.0.0.1:51980" [_thread_blocked, id=14196, stack(0x000000001c8c0000,0x000000001c9c0000)]
  0x000000001ad68000 JavaThread "Daemon worker" [_thread_blocked, id=13488, stack(0x000000001c7c0000,0x000000001c8c0000)]
  0x000000001ad67000 JavaThread "Cancel handler" [_thread_blocked, id=14020, stack(0x000000001c6c0000,0x000000001c7c0000)]
  0x000000001acb5000 JavaThread "Handler for socket connection from /127.0.0.1:51979 to /127.0.0.1:51980" [_thread_in_native, id=14708, stack(0x000000001c3c0000,0x000000001c4c0000)]
  0x000000001acb1000 JavaThread "Daemon" [_thread_blocked, id=15416, stack(0x000000001c2c0000,0x000000001c3c0000)]
  0x000000001acac800 JavaThread "Daemon periodic checks" [_thread_blocked, id=9552, stack(0x000000001c1c0000,0x000000001c2c0000)]
  0x000000001acfb800 JavaThread "Incoming local TCP Connector on port 51979" [_thread_in_native, id=14000, stack(0x000000001bf80000,0x000000001c080000)]
  0x000000001abe6000 JavaThread "Daemon health stats" [_thread_blocked, id=16040, stack(0x000000001b940000,0x000000001ba40000)]
  0x0000000018bc8800 JavaThread "Service Thread" daemon [_thread_blocked, id=912, stack(0x0000000018fa0000,0x00000000190a0000)]
  0x0000000017252800 JavaThread "C1 CompilerThread2" daemon [_thread_blocked, id=8572, stack(0x0000000018aa0000,0x0000000018ba0000)]
=>0x000000001724c800 JavaThread "C2 CompilerThread1" daemon [_thread_in_native, id=15424, stack(0x00000000189a0000,0x0000000018aa0000)]
  0x0000000017248800 JavaThread "C2 CompilerThread0" daemon [_thread_in_native, id=14032, stack(0x00000000188a0000,0x00000000189a0000)]
  0x0000000017247000 JavaThread "Attach Listener" daemon [_thread_blocked, id=7792, stack(0x00000000187a0000,0x00000000188a0000)]
  0x0000000017246000 JavaThread "Signal Dispatcher" daemon [_thread_blocked, id=16116, stack(0x00000000186a0000,0x00000000187a0000)]
  0x000000000261c000 JavaThread "Finalizer" daemon [_thread_blocked, id=16688, stack(0x00000000184a0000,0x00000000185a0000)]
  0x0000000017229000 JavaThread "Reference Handler" daemon [_thread_blocked, id=9352, stack(0x00000000183a0000,0x00000000184a0000)]
  0x0000000002522800 JavaThread "main" [_thread_blocked, id=2156, stack(0x0000000002330000,0x0000000002430000)]

Other Threads:
  0x0000000017207800 VMThread [stack: 0x00000000182a0000,0x00000000183a0000] [id=16112]
  0x000000001729e000 WatcherThread [stack: 0x00000000190a0000,0x00000000191a0000] [id=9872]

VM state:not at safepoint (normal execution)

VM Mutex/Monitor currently owned by a thread: None

heap address: 0x0000000080000000, size: 2048 MB, Compressed Oops mode: 32-bit
Narrow klass base: 0x0000000000000000, Narrow klass shift: 3
Compressed class space size: 1073741824 Address: 0x0000000100000000

Heap:
 PSYoungGen      total 361984K, used 213605K [0x00000000d5580000, 0x00000000f2c80000, 0x0000000100000000)
  eden space 335872K, 55% used [0x00000000d5580000,0x00000000e0ca03e8,0x00000000e9d80000)
  from space 26112K, 99% used [0x00000000e9d80000,0x00000000eb6f9040,0x00000000eb700000)
  to   space 30208K, 0% used [0x00000000f0f00000,0x00000000f0f00000,0x00000000f2c80000)
 ParOldGen       total 196096K, used 36084K [0x0000000080000000, 0x000000008bf80000, 0x00000000d5580000)
  object space 196096K, 18% used [0x0000000080000000,0x000000008233d078,0x000000008bf80000)
 Metaspace       used 76336K, capacity 79482K, committed 79640K, reserved 1118208K
  class space    used 10379K, capacity 11049K, committed 11056K, reserved 1048576K

Card table byte_map: [0x00000000119e0000,0x0000000011df0000] byte_map_base: 0x00000000115e0000

Marking Bits: (ParMarkBitMap*) 0x000000006b38f030
 Begin Bits: [0x00000000124a0000, 0x00000000144a0000)
 End Bits:   [0x00000000144a0000, 0x00000000164a0000)

Polling page: 0x0000000000a30000

CodeCache: size=245760Kb used=28329Kb max_used=28338Kb free=217430Kb
 bounds [0x0000000002620000, 0x00000000041f0000, 0x0000000011620000]
 total_blobs=9929 nmethods=9053 adapters=788
 compilation: enabled

Compilation events (10 events):
Event: 24.686 Thread 0x0000000017252800 10185       3       org.gradle.api.internal.file.collections.DefaultDirectoryWalker$PathVisitor::getFileVisitDetails (145 bytes)
Event: 24.688 Thread 0x0000000017252800 nmethod 10185 0x00000000028f79d0 code [0x00000000028f7c80, 0x00000000028f8fd8]
Event: 24.689 Thread 0x0000000017252800 10186       3       com.google.common.collect.Maps::capacity (34 bytes)
Event: 24.690 Thread 0x0000000017252800 nmethod 10186 0x00000000028f7550 code [0x00000000028f7700, 0x00000000028f7948]
Event: 24.694 Thread 0x000000001724c800 nmethod 10184 0x00000000036b9bd0 code [0x00000000036b9d60, 0x00000000036ba4b0]
Event: 24.710 Thread 0x000000001724c800 10187   !   4       sun.nio.fs.WindowsDirectoryStream$WindowsDirectoryIterator::readNextEntry (199 bytes)
Event: 24.724 Thread 0x0000000017252800 10190       2       org.gradle.api.internal.tasks.compile.incremental.deps.DependentsSet::dependents (52 bytes)
Event: 24.724 Thread 0x0000000017252800 nmethod 10190 0x0000000002a3e990 code [0x0000000002a3eb40, 0x0000000002a3ee68]
Event: 24.725 Thread 0x0000000017252800 10193       3       java.lang.invoke.MethodHandleImpl$IntrinsicMethodHandle::<init> (20 bytes)
Event: 24.725 Thread 0x0000000017252800 nmethod 10193 0x00000000036b9310 code [0x00000000036b94a0, 0x00000000036b9a18]

GC Heap History (10 events):
Event: 2.633 GC heap before
{Heap before GC invocations=8 (full 2):
 PSYoungGen      total 231936K, used 9555K [0x00000000d5580000, 0x00000000e4980000, 0x0000000100000000)
  eden space 220160K, 0% used [0x00000000d5580000,0x00000000d5580000,0x00000000e2c80000)
  from space 11776K, 81% used [0x00000000e3e00000,0x00000000e4754f88,0x00000000e4980000)
  to   space 14848K, 0% used [0x00000000e2c80000,0x00000000e2c80000,0x00000000e3b00000)
 ParOldGen       total 92160K, used 10009K [0x0000000080000000, 0x0000000085a00000, 0x00000000d5580000)
  object space 92160K, 10% used [0x0000000080000000,0x00000000809c67e8,0x0000000085a00000)
 Metaspace       used 34565K, capacity 35390K, committed 35496K, reserved 1079296K
  class space    used 4743K, capacity 4970K, committed 5040K, reserved 1048576K
Event: 2.662 GC heap after
Heap after GC invocations=8 (full 2):
 PSYoungGen      total 231936K, used 0K [0x00000000d5580000, 0x00000000e4980000, 0x0000000100000000)
  eden space 220160K, 0% used [0x00000000d5580000,0x00000000d5580000,0x00000000e2c80000)
  from space 11776K, 0% used [0x00000000e3e00000,0x00000000e3e00000,0x00000000e4980000)
  to   space 14848K, 0% used [0x00000000e2c80000,0x00000000e2c80000,0x00000000e3b00000)
 ParOldGen       total 135680K, used 16236K [0x0000000080000000, 0x0000000088480000, 0x00000000d5580000)
  object space 135680K, 11% used [0x0000000080000000,0x0000000080fdb310,0x0000000088480000)
 Metaspace       used 34565K, capacity 35390K, committed 35496K, reserved 1079296K
  class space    used 4743K, capacity 4970K, committed 5040K, reserved 1048576K
}
Event: 5.358 GC heap before
{Heap before GC invocations=9 (full 2):
 PSYoungGen      total 231936K, used 220160K [0x00000000d5580000, 0x00000000e4980000, 0x0000000100000000)
  eden space 220160K, 100% used [0x00000000d5580000,0x00000000e2c80000,0x00000000e2c80000)
  from space 11776K, 0% used [0x00000000e3e00000,0x00000000e3e00000,0x00000000e4980000)
  to   space 14848K, 0% used [0x00000000e2c80000,0x00000000e2c80000,0x00000000e3b00000)
 ParOldGen       total 135680K, used 16236K [0x0000000080000000, 0x0000000088480000, 0x00000000d5580000)
  object space 135680K, 11% used [0x0000000080000000,0x0000000080fdb310,0x0000000088480000)
 Metaspace       used 51216K, capacity 52910K, committed 53160K, reserved 1095680K
  class space    used 6825K, capacity 7222K, committed 7344K, reserved 1048576K
Event: 5.380 GC heap after
Heap after GC invocations=9 (full 2):
 PSYoungGen      total 235008K, used 14828K [0x00000000d5580000, 0x00000000ed000000, 0x0000000100000000)
  eden space 220160K, 0% used [0x00000000d5580000,0x00000000d5580000,0x00000000e2c80000)
  from space 14848K, 99% used [0x00000000e2c80000,0x00000000e3afb330,0x00000000e3b00000)
  to   space 22528K, 0% used [0x00000000eba00000,0x00000000eba00000,0x00000000ed000000)
 ParOldGen       total 135680K, used 27815K [0x0000000080000000, 0x0000000088480000, 0x00000000d5580000)
  object space 135680K, 20% used [0x0000000080000000,0x0000000081b29ca0,0x0000000088480000)
 Metaspace       used 51216K, capacity 52910K, committed 53160K, reserved 1095680K
  class space    used 6825K, capacity 7222K, committed 7344K, reserved 1048576K
}
Event: 6.262 GC heap before
{Heap before GC invocations=10 (full 2):
 PSYoungGen      total 235008K, used 77275K [0x00000000d5580000, 0x00000000ed000000, 0x0000000100000000)
  eden space 220160K, 28% used [0x00000000d5580000,0x00000000d927bbb0,0x00000000e2c80000)
  from space 14848K, 99% used [0x00000000e2c80000,0x00000000e3afb330,0x00000000e3b00000)
  to   space 22528K, 0% used [0x00000000eba00000,0x00000000eba00000,0x00000000ed000000)
 ParOldGen       total 135680K, used 27815K [0x0000000080000000, 0x0000000088480000, 0x00000000d5580000)
  object space 135680K, 20% used [0x0000000080000000,0x0000000081b29ca0,0x0000000088480000)
 Metaspace       used 57217K, capacity 59142K, committed 59160K, reserved 1099776K
  class space    used 7771K, capacity 8224K, committed 8240K, reserved 1048576K
Event: 6.274 GC heap after
Heap after GC invocations=10 (full 2):
 PSYoungGen      total 358400K, used 22511K [0x00000000d5580000, 0x00000000ed080000, 0x0000000100000000)
  eden space 335872K, 0% used [0x00000000d5580000,0x00000000d5580000,0x00000000e9d80000)
  from space 22528K, 99% used [0x00000000eba00000,0x00000000ecffbf98,0x00000000ed000000)
  to   space 26112K, 0% used [0x00000000e9d80000,0x00000000e9d80000,0x00000000eb700000)
 ParOldGen       total 135680K, used 28027K [0x0000000080000000, 0x0000000088480000, 0x00000000d5580000)
  object space 135680K, 20% used [0x0000000080000000,0x0000000081b5edf8,0x0000000088480000)
 Metaspace       used 57217K, capacity 59142K, committed 59160K, reserved 1099776K
  class space    used 7771K, capacity 8224K, committed 8240K, reserved 1048576K
}
Event: 6.274 GC heap before
{Heap before GC invocations=11 (full 3):
 PSYoungGen      total 358400K, used 22511K [0x00000000d5580000, 0x00000000ed080000, 0x0000000100000000)
  eden space 335872K, 0% used [0x00000000d5580000,0x00000000d5580000,0x00000000e9d80000)
  from space 22528K, 99% used [0x00000000eba00000,0x00000000ecffbf98,0x00000000ed000000)
  to   space 26112K, 0% used [0x00000000e9d80000,0x00000000e9d80000,0x00000000eb700000)
 ParOldGen       total 135680K, used 28027K [0x0000000080000000, 0x0000000088480000, 0x00000000d5580000)
  object space 135680K, 20% used [0x0000000080000000,0x0000000081b5edf8,0x0000000088480000)
 Metaspace       used 57217K, capacity 59142K, committed 59160K, reserved 1099776K
  class space    used 7771K, capacity 8224K, committed 8240K, reserved 1048576K
Event: 6.388 GC heap after
Heap after GC invocations=11 (full 3):
 PSYoungGen      total 358400K, used 0K [0x00000000d5580000, 0x00000000ed080000, 0x0000000100000000)
  eden space 335872K, 0% used [0x00000000d5580000,0x00000000d5580000,0x00000000e9d80000)
  from space 22528K, 0% used [0x00000000eba00000,0x00000000eba00000,0x00000000ed000000)
  to   space 26112K, 0% used [0x00000000e9d80000,0x00000000e9d80000,0x00000000eb700000)
 ParOldGen       total 196096K, used 35512K [0x0000000080000000, 0x000000008bf80000, 0x00000000d5580000)
  object space 196096K, 18% used [0x0000000080000000,0x00000000822ae138,0x000000008bf80000)
 Metaspace       used 57205K, capacity 59100K, committed 59160K, reserved 1099776K
  class space    used 7767K, capacity 8217K, committed 8240K, reserved 1048576K
}
Event: 10.505 GC heap before
{Heap before GC invocations=12 (full 3):
 PSYoungGen      total 358400K, used 335872K [0x00000000d5580000, 0x00000000ed080000, 0x0000000100000000)
  eden space 335872K, 100% used [0x00000000d5580000,0x00000000e9d80000,0x00000000e9d80000)
  from space 22528K, 0% used [0x00000000eba00000,0x00000000eba00000,0x00000000ed000000)
  to   space 26112K, 0% used [0x00000000e9d80000,0x00000000e9d80000,0x00000000eb700000)
 ParOldGen       total 196096K, used 35512K [0x0000000080000000, 0x000000008bf80000, 0x00000000d5580000)
  object space 196096K, 18% used [0x0000000080000000,0x00000000822ae138,0x000000008bf80000)
 Metaspace       used 69240K, capacity 72106K, committed 72216K, reserved 1112064K
  class space    used 9442K, capacity 10006K, committed 10032K, reserved 1048576K
Event: 10.520 GC heap after
Heap after GC invocations=12 (full 3):
 PSYoungGen      total 361984K, used 26084K [0x00000000d5580000, 0x00000000f2c80000, 0x0000000100000000)
  eden space 335872K, 0% used [0x00000000d5580000,0x00000000d5580000,0x00000000e9d80000)
  from space 26112K, 99% used [0x00000000e9d80000,0x00000000eb6f9040,0x00000000eb700000)
  to   space 30208K, 0% used [0x00000000f0f00000,0x00000000f0f00000,0x00000000f2c80000)
 ParOldGen       total 196096K, used 36084K [0x0000000080000000, 0x000000008bf80000, 0x00000000d5580000)
  object space 196096K, 18% used [0x0000000080000000,0x000000008233d078,0x000000008bf80000)
 Metaspace       used 69240K, capacity 72106K, committed 72216K, reserved 1112064K
  class space    used 9442K, capacity 10006K, committed 10032K, reserved 1048576K
}

Deoptimization events (10 events):
Event: 24.365 Thread 0x000000001dabd800 Uncommon trap: reason=class_check action=maybe_recompile pc=0x00000000038a8d74 method=java.util.regex.Matcher.search(I)Z @ 86
Event: 24.365 Thread 0x000000001dabd800 Uncommon trap: reason=class_check action=maybe_recompile pc=0x0000000002b66288 method=java.util.regex.Matcher.search(I)Z @ 86
Event: 24.442 Thread 0x000000001dac9000 Uncommon trap: reason=bimorphic action=maybe_recompile pc=0x0000000003b1c558 method=com.google.common.collect.ImmutableSet.copyOf(Ljava/util/Collection;)Lcom/google/common/collect/ImmutableSet; @ 29
Event: 24.446 Thread 0x000000001dac9000 Uncommon trap: reason=bimorphic action=maybe_recompile pc=0x0000000003b1c558 method=com.google.common.collect.ImmutableSet.copyOf(Ljava/util/Collection;)Lcom/google/common/collect/ImmutableSet; @ 29
Event: 24.446 Thread 0x000000001dac9000 Uncommon trap: reason=bimorphic action=maybe_recompile pc=0x0000000003b1c558 method=com.google.common.collect.ImmutableSet.copyOf(Ljava/util/Collection;)Lcom/google/common/collect/ImmutableSet; @ 29
Event: 24.448 Thread 0x000000001dac9000 Uncommon trap: reason=bimorphic action=maybe_recompile pc=0x0000000003b1c558 method=com.google.common.collect.ImmutableSet.copyOf(Ljava/util/Collection;)Lcom/google/common/collect/ImmutableSet; @ 29
Event: 24.723 Thread 0x000000001dabd800 Uncommon trap: reason=bimorphic action=maybe_recompile pc=0x00000000030bbb64 method=org.gradle.api.internal.tasks.compile.incremental.deps.DependentsSet.dependents(Ljava/util/Set;Ljava/util/Set;Ljava/util/Set;)Lorg/gradle/api/internal/tasks/compile/increm
Event: 24.723 Thread 0x000000001dabd800 Uncommon trap: reason=bimorphic action=maybe_recompile pc=0x00000000030bbb64 method=org.gradle.api.internal.tasks.compile.incremental.deps.DependentsSet.dependents(Ljava/util/Set;Ljava/util/Set;Ljava/util/Set;)Lorg/gradle/api/internal/tasks/compile/increm
Event: 24.723 Thread 0x000000001dabd800 Uncommon trap: reason=bimorphic action=maybe_recompile pc=0x00000000030bbb64 method=org.gradle.api.internal.tasks.compile.incremental.deps.DependentsSet.dependents(Ljava/util/Set;Ljava/util/Set;Ljava/util/Set;)Lorg/gradle/api/internal/tasks/compile/increm
Event: 24.723 Thread 0x000000001dabd800 Uncommon trap: reason=bimorphic action=maybe_recompile pc=0x00000000030bbb64 method=org.gradle.api.internal.tasks.compile.incremental.deps.DependentsSet.dependents(Ljava/util/Set;Ljava/util/Set;Ljava/util/Set;)Lorg/gradle/api/internal/tasks/compile/increm

Classes redefined (0 events):
No events

Internal exceptions (10 events):
Event: 24.226 Thread 0x000000001dabd800 Exception <a 'sun/nio/fs/WindowsException'> (0x00000000df4db798) thrown at [C:\src\AOSP-openjdk-git\hotspot\src\share\vm\prims\jni.cpp, line 710]
Event: 24.227 Thread 0x000000001dabd800 Exception <a 'sun/nio/fs/WindowsException'> (0x00000000df4e3840) thrown at [C:\src\AOSP-openjdk-git\hotspot\src\share\vm\prims\jni.cpp, line 710]
Event: 24.227 Thread 0x000000001dabd800 Exception <a 'sun/nio/fs/WindowsException'> (0x00000000df4e4520) thrown at [C:\src\AOSP-openjdk-git\hotspot\src\share\vm\prims\jni.cpp, line 710]
Event: 24.227 Thread 0x000000001dabd800 Exception <a 'sun/nio/fs/WindowsException'> (0x00000000df4e5270) thrown at [C:\src\AOSP-openjdk-git\hotspot\src\share\vm\prims\jni.cpp, line 710]
Event: 24.227 Thread 0x000000001dabd800 Exception <a 'sun/nio/fs/WindowsException'> (0x00000000df4e72d0) thrown at [C:\src\AOSP-openjdk-git\hotspot\src\share\vm\prims\jni.cpp, line 710]
Event: 24.227 Thread 0x000000001dabd800 Exception <a 'sun/nio/fs/WindowsException'> (0x00000000df4e7fc0) thrown at [C:\src\AOSP-openjdk-git\hotspot\src\share\vm\prims\jni.cpp, line 710]
Event: 24.227 Thread 0x000000001dabd800 Exception <a 'sun/nio/fs/WindowsException'> (0x00000000df4e8d20) thrown at [C:\src\AOSP-openjdk-git\hotspot\src\share\vm\prims\jni.cpp, line 710]
Event: 24.280 Thread 0x000000001d771800 Implicit null exception at 0x0000000003e9fdb2 to 0x0000000003ea0575
Event: 24.280 Thread 0x000000001d772000 Implicit null exception at 0x0000000003e9fdb2 to 0x0000000003ea0575
Event: 24.290 Thread 0x000000001d775000 Implicit null exception at 0x000000000405a0ff to 0x000000000405aa71

Events (10 events):
Event: 24.724 loading class it/unimi/dsi/fastutil/ints/IntOpenHashSet$SetIterator done
Event: 24.724 loading class org/gradle/language/base/internal/tasks/StaleOutputCleaner
Event: 24.724 loading class org/gradle/language/base/internal/tasks/StaleOutputCleaner done
Event: 24.725 loading class org/gradle/internal/execution/impl/OutputsCleaner
Event: 24.725 loading class org/gradle/internal/execution/impl/OutputsCleaner done
Event: 24.726 loading class com/google/common/collect/ImmutableSet
Event: 24.726 loading class com/google/common/collect/ImmutableSet done
Event: 24.726 loading class com/google/common/collect/ImmutableSet
Event: 24.726 loading class com/google/common/collect/ImmutableSet done
Event: 24.726 loading class java/util/PriorityQueue


Dynamic libraries:
0x00007ff6ad2f0000 - 0x00007ff6ad321000 	D:\Program Files\Android\Android Studio\jre\bin\java.exe
0x00007ffdde8c0000 - 0x00007ffddeab0000 	C:\WINDOWS\SYSTEM32\ntdll.dll
0x00007ffddcb20000 - 0x00007ffddcbd2000 	C:\WINDOWS\System32\KERNEL32.DLL
0x00007ffddc450000 - 0x00007ffddc6f4000 	C:\WINDOWS\System32\KERNELBASE.dll
0x00007ffdde5d0000 - 0x00007ffdde673000 	C:\WINDOWS\System32\ADVAPI32.dll
0x00007ffddd2c0000 - 0x00007ffddd35e000 	C:\WINDOWS\System32\msvcrt.dll
0x00007ffddcdf0000 - 0x00007ffddce87000 	C:\WINDOWS\System32\sechost.dll
0x00007ffdde680000 - 0x00007ffdde7a0000 	C:\WINDOWS\System32\RPCRT4.dll
0x00007ffddcbe0000 - 0x00007ffddcd75000 	C:\WINDOWS\System32\USER32.dll
0x00007ffddba40000 - 0x00007ffddba61000 	C:\WINDOWS\System32\win32u.dll
0x00007ffdde7d0000 - 0x00007ffdde7f6000 	C:\WINDOWS\System32\GDI32.dll
0x00007ffddc7b0000 - 0x00007ffddc946000 	C:\WINDOWS\System32\gdi32full.dll
0x00007ffddba70000 - 0x00007ffddbb0e000 	C:\WINDOWS\System32\msvcp_win.dll
0x00007ffddbb10000 - 0x00007ffddbc0a000 	C:\WINDOWS\System32\ucrtbase.dll
0x00007ffdcd890000 - 0x00007ffdcdb14000 	C:\WINDOWS\WinSxS\amd64_microsoft.windows.common-controls_6595b64144ccf1df_6.0.18362.1016_none_9e7a36bbe461dae4\COMCTL32.dll
0x00007ffdde290000 - 0x00007ffdde5c5000 	C:\WINDOWS\System32\combase.dll
0x00007ffddbc10000 - 0x00007ffddbc90000 	C:\WINDOWS\System32\bcryptPrimitives.dll
0x00007ffdde7a0000 - 0x00007ffdde7ce000 	C:\WINDOWS\System32\IMM32.DLL
0x000000006b780000 - 0x000000006b852000 	D:\Program Files\Android\Android Studio\jre\jre\bin\msvcr100.dll
0x000000006abc0000 - 0x000000006b40b000 	D:\Program Files\Android\Android Studio\jre\jre\bin\server\jvm.dll
0x00007ffddcde0000 - 0x00007ffddcde8000 	C:\WINDOWS\System32\PSAPI.DLL
0x00007ffdd55a0000 - 0x00007ffdd55aa000 	C:\WINDOWS\SYSTEM32\VERSION.dll
0x00007ffdc8930000 - 0x00007ffdc8939000 	C:\WINDOWS\SYSTEM32\WSOCK32.dll
0x00007ffdd9400000 - 0x00007ffdd9424000 	C:\WINDOWS\SYSTEM32\WINMM.dll
0x00007ffddd1f0000 - 0x00007ffddd25f000 	C:\WINDOWS\System32\ws2_32.DLL
0x00007ffdd92a0000 - 0x00007ffdd92cd000 	C:\WINDOWS\SYSTEM32\WINMMBASE.dll
0x00007ffddb8a0000 - 0x00007ffddb8ea000 	C:\WINDOWS\System32\cfgmgr32.dll
0x00007ffdd53b0000 - 0x00007ffdd53bf000 	D:\Program Files\Android\Android Studio\jre\jre\bin\verify.dll
0x00007ffdb9260000 - 0x00007ffdb9289000 	D:\Program Files\Android\Android Studio\jre\jre\bin\java.dll
0x00007ffdcb360000 - 0x00007ffdcb376000 	D:\Program Files\Android\Android Studio\jre\jre\bin\zip.dll
0x00007ffddd4d0000 - 0x00007ffdddbb7000 	C:\WINDOWS\System32\SHELL32.dll
0x00007ffddd370000 - 0x00007ffddd419000 	C:\WINDOWS\System32\shcore.dll
0x00007ffddbcc0000 - 0x00007ffddc442000 	C:\WINDOWS\System32\windows.storage.dll
0x00007ffddb810000 - 0x00007ffddb833000 	C:\WINDOWS\System32\profapi.dll
0x00007ffddb7c0000 - 0x00007ffddb80a000 	C:\WINDOWS\System32\powrprof.dll
0x00007ffddb770000 - 0x00007ffddb780000 	C:\WINDOWS\System32\UMPDC.dll
0x00007ffdddbc0000 - 0x00007ffdddc12000 	C:\WINDOWS\System32\shlwapi.dll
0x00007ffddb780000 - 0x00007ffddb791000 	C:\WINDOWS\System32\kernel.appcore.dll
0x00007ffddc950000 - 0x00007ffddc967000 	C:\WINDOWS\System32\cryptsp.dll
0x00007ffdc8b80000 - 0x00007ffdc8b9a000 	D:\Program Files\Android\Android Studio\jre\jre\bin\net.dll
0x00007ffddaf70000 - 0x00007ffddafd7000 	C:\WINDOWS\system32\mswsock.dll
0x00007ffdbbea0000 - 0x00007ffdbbeb3000 	D:\Program Files\Android\Android Studio\jre\jre\bin\nio.dll
0x00007ffdcc410000 - 0x00007ffdcc436000 	C:\Users\wisni\.gradle\native\31\windows-amd64\native-platform.dll
0x00007ffdd5050000 - 0x00007ffdd505d000 	D:\Program Files\Android\Android Studio\jre\jre\bin\management.dll
0x00007ffddaae0000 - 0x00007ffddab13000 	C:\WINDOWS\system32\rsaenh.dll
0x00007ffddbc90000 - 0x00007ffddbcb6000 	C:\WINDOWS\System32\bcrypt.dll
0x00007ffddb660000 - 0x00007ffddb685000 	C:\WINDOWS\SYSTEM32\USERENV.dll
0x00007ffddb140000 - 0x00007ffddb14c000 	C:\WINDOWS\SYSTEM32\CRYPTBASE.dll
0x00007ffddac80000 - 0x00007ffddacba000 	C:\WINDOWS\SYSTEM32\IPHLPAPI.DLL
0x00007ffddd360000 - 0x00007ffddd368000 	C:\WINDOWS\System32\NSI.dll
0x00007ffdcbf10000 - 0x00007ffdcbf26000 	C:\WINDOWS\SYSTEM32\dhcpcsvc6.DLL
0x00007ffdcbbf0000 - 0x00007ffdcbc0c000 	C:\WINDOWS\SYSTEM32\dhcpcsvc.DLL
0x00007ffddacc0000 - 0x00007ffddad8b000 	C:\WINDOWS\SYSTEM32\DNSAPI.dll
0x00007ffdd6c60000 - 0x00007ffdd6c7e000 	C:\Users\wisni\AppData\Local\Temp\native-platform34181460075527207dir\native-platform.dll

VM Arguments:
jvm_args: -Xmx2048m -Dfile.encoding=windows-1250 -Duser.country=US -Duser.language=en -Duser.variant 
java_command: org.gradle.launcher.daemon.bootstrap.GradleDaemon 6.1.1
java_class_path (initial): C:\Users\wisni\.gradle\wrapper\dists\gradle-6.1.1-all\cfmwm155h49vnt3hynmlrsdst\gradle-6.1.1\lib\gradle-launcher-6.1.1.jar
Launcher Type: SUN_STANDARD

Environment Variables:
USERNAME=wisni
OS=Windows_NT
PROCESSOR_IDENTIFIER=Intel64 Family 6 Model 94 Stepping 3, GenuineIntel



---------------  S Y S T E M  ---------------

OS: Windows 10.0 , 64 bit Build 18362 (10.0.18362.959)

CPU:total 4 (initial active 4) (4 cores per cpu, 1 threads per core) family 6 model 94 stepping 3, cmov, cx8, fxsr, mmx, sse, sse2, sse3, ssse3, sse4.1, sse4.2, popcnt, avx, avx2, aes, clmul, erms, rtm, 3dnowpref, lzcnt, tsc, tscinvbit, bmi1, bmi2, adx

Memory: 4k page, physical 16728088k(4516296k free), swap 24860876k(4216k free)

vm_info: OpenJDK 64-Bit Server VM (25.242-b01) for windows-amd64 JRE (1.8.0_242-release-1644-b01), built by "builder" with MS VC++ 10.0 (VS2010)

time: Fri Sep 25 01:34:25 2020
timezone: Central European Daylight Time
elapsed time: 24 seconds (0d 0h 0m 24s)

